<?xml version="1.0" encoding="UTF-8"?>
<testsuite name="com.reqres.ReqresAPITest" tests="1" skipped="0" failures="0" errors="0" timestamp="2023-08-22T11:31:01" hostname="UK-RND-592" time="54.229">
  <properties/>
  <testcase name="initAudit2()" classname="com.reqres.ReqresAPITest" time="54.229"/>
  <system-out><![CDATA[ +      1 in 00:00:01 =    1,0/s Avg:   804 Min:   804 Max:   804 Err:     0 (0,00%) Active: 10 Started: 10 Finished: 0
 +    233 in 00:00:04 =   55,0/s Avg:   208 Min:   166 Max:   928 Err:     0 (0,00%) Active: 0 Started: 10 Finished: 10
 =    234 in 00:00:05 =   44,2/s Avg:   210 Min:   166 Max:   928 Err:     0 (0,00%)
]]></system-out>
  <system-err><![CDATA[SLF4J: Class path contains multiple SLF4J bindings.
SLF4J: Found binding in [jar:file:/C:/Users/a.bochkarev/.gradle/caches/modules-2/files-2.1/org.slf4j/slf4j-simple/1.7.32/321ffafb5123a91a71737dbff38ebe273e771e5b/slf4j-simple-1.7.32.jar!/org/slf4j/impl/StaticLoggerBinder.class]
SLF4J: Found binding in [jar:file:/C:/Users/a.bochkarev/.gradle/caches/modules-2/files-2.1/org.apache.logging.log4j/log4j-slf4j-impl/2.20.0/7ab4f082fd162f60afcaf2b8744a3d959feab3e8/log4j-slf4j-impl-2.20.0.jar!/org/slf4j/impl/StaticLoggerBinder.class]
SLF4J: See http://www.slf4j.org/codes.html#multiple_bindings for an explanation.
SLF4J: Actual binding is of type [org.slf4j.impl.SimpleLoggerFactory]
[Test worker] INFO org.apache.jmeter.util.JMeterUtils - Setting Locale to ru_RU
[Test worker] ERROR org.apache.jmeter.util.JMeterUtils - Could not find resources for 'ru_RU'
[Test worker] INFO org.apache.jmeter.protocol.http.sampler.HTTPSamplerBase - Parser for text/html is org.apache.jmeter.protocol.http.parser.LagartoBasedHtmlParser
[Test worker] INFO org.apache.jmeter.protocol.http.sampler.HTTPSamplerBase - Parser for application/xhtml+xml is org.apache.jmeter.protocol.http.parser.LagartoBasedHtmlParser
[Test worker] INFO org.apache.jmeter.protocol.http.sampler.HTTPSamplerBase - Parser for application/xml is org.apache.jmeter.protocol.http.parser.LagartoBasedHtmlParser
[Test worker] INFO org.apache.jmeter.protocol.http.sampler.HTTPSamplerBase - Parser for text/xml is org.apache.jmeter.protocol.http.parser.LagartoBasedHtmlParser
[Test worker] INFO org.apache.jmeter.protocol.http.sampler.HTTPSamplerBase - Parser for text/vnd.wap.wml is org.apache.jmeter.protocol.http.parser.RegexpHTMLParser
[Test worker] INFO org.apache.jmeter.protocol.http.sampler.HTTPSamplerBase - Parser for text/css is org.apache.jmeter.protocol.http.parser.CssParser
[Test worker] INFO org.apache.jmeter.protocol.http.control.CookieManager - Settings: Delete null: true Check: true Allow variable: true Save: false Prefix: COOKIE_
[Test worker] INFO org.apache.jmeter.protocol.http.control.CacheManager - Will only cache the following methods: [GET]
[Test worker] INFO org.apache.jmeter.util.JMeterUtils - Setting Locale to ru_RU
[Test worker] ERROR org.apache.jmeter.util.JMeterUtils - Could not find resources for 'ru_RU'
[Test worker] INFO org.apache.jmeter.samplers.SampleResult - Note: Sample TimeStamps are START times
[Test worker] INFO org.apache.jmeter.samplers.SampleResult - sampleresult.default.encoding is set to UTF-8
[Test worker] INFO org.apache.jmeter.samplers.SampleResult - sampleresult.useNanoTime=true
[Test worker] INFO org.apache.jmeter.samplers.SampleResult - sampleresult.nanoThreadSleep=5000
[Test worker] INFO org.apache.jorphan.reflect.ClassFinder - Will scan jar C:\Users\a.bochkarev\.gradle\caches\modules-2\files-2.1\kg.apc\jmeter-plugins-tst\2.5\58c2a4cf699540060723c168097188213f4f3701\jmeter-plugins-tst-2.5.jar with filter ExtendsClassFilter [parents=[interface org.apache.jmeter.visualizers.ResultRenderer], inner=false, contains=null, notContains=null]. Consider exposing JMeter plugins via META-INF/services, and add JMeter-Skip-Class-Scanning=true manifest attribute so JMeter can skip classfile scanning
[Test worker] INFO org.apache.jorphan.reflect.ClassFinder - Will scan jar C:\Users\a.bochkarev\.gradle\caches\modules-2\files-2.1\kg.apc\jmeter-plugins-dummy\0.4\856403165e8c9a9790e31a1c8edd88831fc4d3dc\jmeter-plugins-dummy-0.4.jar with filter ExtendsClassFilter [parents=[interface org.apache.jmeter.visualizers.ResultRenderer], inner=false, contains=null, notContains=null]. Consider exposing JMeter plugins via META-INF/services, and add JMeter-Skip-Class-Scanning=true manifest attribute so JMeter can skip classfile scanning
[Test worker] INFO org.apache.jorphan.reflect.ClassFinder - Will scan jar C:\Users\a.bochkarev\.gradle\caches\modules-2\files-2.1\kg.apc\jmeter-plugins-tst\2.5\58c2a4cf699540060723c168097188213f4f3701\jmeter-plugins-tst-2.5.jar with filter ExtendsClassFilter [parents=[interface org.apache.jmeter.visualizers.RequestView], inner=false, contains=null, notContains=null]. Consider exposing JMeter plugins via META-INF/services, and add JMeter-Skip-Class-Scanning=true manifest attribute so JMeter can skip classfile scanning
[Test worker] INFO org.apache.jorphan.reflect.ClassFinder - Will scan jar C:\Users\a.bochkarev\.gradle\caches\modules-2\files-2.1\kg.apc\jmeter-plugins-dummy\0.4\856403165e8c9a9790e31a1c8edd88831fc4d3dc\jmeter-plugins-dummy-0.4.jar with filter ExtendsClassFilter [parents=[interface org.apache.jmeter.visualizers.RequestView], inner=false, contains=null, notContains=null]. Consider exposing JMeter plugins via META-INF/services, and add JMeter-Skip-Class-Scanning=true manifest attribute so JMeter can skip classfile scanning
[Test worker] INFO org.apache.jmeter.engine.StandardJMeterEngine - Running the test!
[Test worker] INFO org.apache.jmeter.samplers.SampleEvent - List of sample_variables: []
[Test worker] INFO org.apache.jmeter.samplers.SampleEvent - List of sample_variables: []
[Test worker] INFO org.apache.jmeter.engine.util.CompoundVariable - Note: Function class names must contain the string: '.functions.'
[Test worker] INFO org.apache.jmeter.engine.util.CompoundVariable - Note: Function class names must not contain the string: '.gui.'
[Test worker] INFO org.apache.jorphan.reflect.ClassFinder - Will scan jar C:\Users\a.bochkarev\.gradle\caches\modules-2\files-2.1\kg.apc\jmeter-plugins-tst\2.5\58c2a4cf699540060723c168097188213f4f3701\jmeter-plugins-tst-2.5.jar with filter ExtendsClassFilter [parents=[interface org.apache.jmeter.functions.Function], inner=false, contains=null, notContains=null]. Consider exposing JMeter plugins via META-INF/services, and add JMeter-Skip-Class-Scanning=true manifest attribute so JMeter can skip classfile scanning
[Test worker] INFO org.apache.jorphan.reflect.ClassFinder - Will scan jar C:\Users\a.bochkarev\.gradle\caches\modules-2\files-2.1\kg.apc\jmeter-plugins-dummy\0.4\856403165e8c9a9790e31a1c8edd88831fc4d3dc\jmeter-plugins-dummy-0.4.jar with filter ExtendsClassFilter [parents=[interface org.apache.jmeter.functions.Function], inner=false, contains=null, notContains=null]. Consider exposing JMeter plugins via META-INF/services, and add JMeter-Skip-Class-Scanning=true manifest attribute so JMeter can skip classfile scanning
[Test worker] INFO org.apache.jmeter.engine.StandardJMeterEngine - Starting ThreadGroup: 1 : Thread Group
[Test worker] INFO org.apache.jmeter.engine.StandardJMeterEngine - Starting 10 threads for group Thread Group.
[Test worker] INFO org.apache.jmeter.engine.StandardJMeterEngine - Thread will continue on error
[Test worker] INFO org.apache.jmeter.threads.ThreadGroup - Starting thread group... number=1 threads=10 ramp-up=0 delayedStart=false
[Thread Group 1-2] INFO org.apache.jmeter.threads.JMeterThread - Thread started: Thread Group 1-2
[Thread Group 1-4] INFO org.apache.jmeter.threads.JMeterThread - Thread started: Thread Group 1-4
[Thread Group 1-3] INFO org.apache.jmeter.threads.JMeterThread - Thread started: Thread Group 1-3
[Thread Group 1-1] INFO org.apache.jmeter.threads.JMeterThread - Thread started: Thread Group 1-1
[Thread Group 1-5] INFO org.apache.jmeter.threads.JMeterThread - Thread started: Thread Group 1-5
[Thread Group 1-6] INFO org.apache.jmeter.threads.JMeterThread - Thread started: Thread Group 1-6
[Thread Group 1-7] INFO org.apache.jmeter.threads.JMeterThread - Thread started: Thread Group 1-7
[Thread Group 1-8] INFO org.apache.jmeter.threads.JMeterThread - Thread started: Thread Group 1-8
[Thread Group 1-9] INFO org.apache.jmeter.threads.JMeterThread - Thread started: Thread Group 1-9
[Test worker] INFO org.apache.jmeter.threads.ThreadGroup - Started thread group number 1
[Test worker] INFO org.apache.jmeter.engine.StandardJMeterEngine - All thread groups have been started
[Thread Group 1-10] INFO org.apache.jmeter.threads.JMeterThread - Thread started: Thread Group 1-10
[Thread Group 1-2] INFO org.apache.jmeter.protocol.http.sampler.HTTPHCAbstractImpl - Local host = uk-rnd-592
[Thread Group 1-2] INFO org.apache.jmeter.protocol.http.sampler.HTTPHC4Impl - HTTP request retry count = 0
[Thread Group 1-10] INFO org.apache.jmeter.protocol.http.sampler.hc.LazyLayeredConnectionSocketFactory - Setting up HTTPS TrustAll Socket Factory
[Thread Group 1-10] INFO org.apache.jmeter.util.JsseSSLManager - Using default SSL protocol: TLS
[Thread Group 1-10] INFO org.apache.jmeter.util.JsseSSLManager - SSL session context: per-thread
[Thread Group 1-5] INFO org.apache.jmeter.util.SSLManager - JmeterKeyStore Location:  type JKS
[Thread Group 1-5] INFO org.apache.jmeter.util.SSLManager - KeyStore created OK
[Thread Group 1-5] WARN org.apache.jmeter.util.SSLManager - Keystore file not found, loading empty keystore
[Thread Group 1-7] INFO org.apache.jmeter.reporters.Summariser -  +      1 in 00:00:01 =    1,0/s Avg:   804 Min:   804 Max:   804 Err:     0 (0,00%) Active: 10 Started: 10 Finished: 0
[Thread Group 1-2] INFO org.apache.jmeter.threads.JMeterThread - Stopping because end time detected by thread: Thread Group 1-2
[Thread Group 1-2] INFO org.apache.jmeter.threads.JMeterThread - Thread finished: Thread Group 1-2
[Thread Group 1-5] INFO org.apache.jmeter.threads.JMeterThread - Stopping because end time detected by thread: Thread Group 1-5
[Thread Group 1-5] INFO org.apache.jmeter.threads.JMeterThread - Thread finished: Thread Group 1-5
[Thread Group 1-3] INFO org.apache.jmeter.threads.JMeterThread - Stopping because end time detected by thread: Thread Group 1-3
[Thread Group 1-3] INFO org.apache.jmeter.threads.JMeterThread - Thread finished: Thread Group 1-3
[Thread Group 1-1] INFO org.apache.jmeter.threads.JMeterThread - Stopping because end time detected by thread: Thread Group 1-1
[Thread Group 1-1] INFO org.apache.jmeter.threads.JMeterThread - Thread finished: Thread Group 1-1
[Thread Group 1-4] INFO org.apache.jmeter.threads.JMeterThread - Stopping because end time detected by thread: Thread Group 1-4
[Thread Group 1-7] INFO org.apache.jmeter.threads.JMeterThread - Stopping because end time detected by thread: Thread Group 1-7
[Thread Group 1-4] INFO org.apache.jmeter.threads.JMeterThread - Thread finished: Thread Group 1-4
[Thread Group 1-7] INFO org.apache.jmeter.threads.JMeterThread - Thread finished: Thread Group 1-7
[Thread Group 1-6] INFO org.apache.jmeter.threads.JMeterThread - Stopping because end time detected by thread: Thread Group 1-6
[Thread Group 1-6] INFO org.apache.jmeter.threads.JMeterThread - Thread finished: Thread Group 1-6
[Thread Group 1-9] INFO org.apache.jmeter.threads.JMeterThread - Stopping because end time detected by thread: Thread Group 1-9
[Thread Group 1-9] INFO org.apache.jmeter.threads.JMeterThread - Thread finished: Thread Group 1-9
[Thread Group 1-8] INFO org.apache.jmeter.threads.JMeterThread - Stopping because end time detected by thread: Thread Group 1-8
[Thread Group 1-8] INFO org.apache.jmeter.threads.JMeterThread - Thread finished: Thread Group 1-8
[Thread Group 1-10] INFO org.apache.jmeter.threads.JMeterThread - Stopping because end time detected by thread: Thread Group 1-10
[Thread Group 1-10] INFO org.apache.jmeter.threads.JMeterThread - Thread finished: Thread Group 1-10
[Test worker] INFO org.apache.jmeter.engine.StandardJMeterEngine - Notifying test listeners of end of test
[Test worker] INFO org.apache.jmeter.services.FileServer - Default base='C:\Users\a.bochkarev\Documents\reqresAPIpojo'
[Test worker] INFO org.apache.jmeter.reporters.Summariser -  +    233 in 00:00:04 =   55,0/s Avg:   208 Min:   166 Max:   928 Err:     0 (0,00%) Active: 0 Started: 10 Finished: 10
[Test worker] INFO org.apache.jmeter.reporters.Summariser -  =    234 in 00:00:05 =   44,2/s Avg:   210 Min:   166 Max:   928 Err:     0 (0,00%)
]]></system-err>
</testsuite>
